#
# A fatal error has been detected by the Java Runtime Environment:
#
#  EXCEPTION_ACCESS_VIOLATION (0xc0000005) at pc=0x70a6323d, pid=5572, tid=10612
#
# JRE version: Java(TM) SE Runtime Environment (7.0_75-b13) (build 1.7.0_75-b13)
# Java VM: Java HotSpot(TM) Client VM (24.75-b04 mixed mode, sharing windows-x86 )
# Problematic frame:
# C  [zip.dll+0x323d]
#
# Failed to write core dump. Minidumps are not enabled by default on client versions of Windows
#
# If you would like to submit a bug report, please visit:
#   http://bugreport.sun.com/bugreport/crash.jsp
# The crash happened outside the Java Virtual Machine in native code.
# See problematic frame for where to report the bug.
#

---------------  T H R E A D  ---------------

Current thread (0x05994c00):  JavaThread "Resource Destroyer in BasicResourcePool.close()" [_thread_in_native, id=10612, stack(0x060b0000,0x06100000)]

siginfo: ExceptionCode=0xc0000005, reading address 0x0000001c

Registers:
EAX=0x00000000, EBX=0x00000000, ECX=0x00000010, EDX=0x00aab5a0
ESP=0x060fc7d4, EBP=0x060fc7dc, ESI=0x05994d30, EDI=0x00a62d78
EIP=0x70a6323d, EFLAGS=0x00010246

Top of Stack: (sp=0x060fc7d4)
0x060fc7d4:   00000010 00000010 060fe898 70a61d22
0x060fc7e4:   00a62d78 00000000 00000000 00000000
0x060fc7f4:   060fc814 00000380 00a62d78 05994c00
0x060fc804:   385a24d8 390509d8 00000000 060fe904
0x060fc814:   00000000 00000000 00000000 00000000
0x060fc824:   00000000 00000000 00000000 00000000
0x060fc834:   00000000 00000000 00000000 00000000
0x060fc844:   00000000 00000000 00000000 00000000 

Instructions: (pc=0x70a6323d)
0x70a6321d:   30 89 7e 34 8b 46 30 8b 56 34 8b 4d fc 5f 33 cd
0x70a6322d:   5e e8 49 5a 00 00 c9 c3 55 8b ec 51 51 8b 45 0c
0x70a6323d:   8b 48 1c 53 8b 58 18 8b d3 0b d1 56 57 75 06 8b
0x70a6324d:   58 10 8b 48 14 8b 7d 08 33 f6 89 77 3c 39 75 14 


Register to memory mapping:

EAX=0x00000000 is an unknown value
EBX=0x00000000 is an unknown value
ECX=0x00000010 is an unknown value
EDX=0x00aab5a0 is an unknown value
ESP=0x060fc7d4 is pointing into the stack for thread: 0x05994c00
EBP=0x060fc7dc is pointing into the stack for thread: 0x05994c00
ESI=0x05994d30 is an unknown value
EDI=0x00a62d78 is an unknown value


Stack: [0x060b0000,0x06100000],  sp=0x060fc7d4,  free space=305k
Native frames: (J=compiled Java code, j=interpreted, Vv=VM code, C=native code)
C  [zip.dll+0x323d]
C  [zip.dll+0x1d22]
j  java.util.zip.ZipFile.read(JJJ[BII)I+0
j  java.util.zip.ZipFile.access$1400(JJJ[BII)I+10
j  java.util.zip.ZipFile$ZipFileInputStream.read([BII)I+66
j  java.util.zip.ZipFile$ZipFileInflaterInputStream.fill()V+32
j  java.util.zip.InflaterInputStream.read([BII)I+100
j  sun.misc.Resource.getBytes()[B+115
j  java.net.URLClassLoader.defineClass(Ljava/lang/String;Lsun/misc/Resource;)Ljava/lang/Class;+179
j  java.net.URLClassLoader.access$100(Ljava/net/URLClassLoader;Ljava/lang/String;Lsun/misc/Resource;)Ljava/lang/Class;+3
j  java.net.URLClassLoader$1.run()Ljava/lang/Class;+43
j  java.net.URLClassLoader$1.run()Ljava/lang/Object;+1
v  ~StubRoutines::call_stub
V  [jvm.dll+0x141eba]
V  [jvm.dll+0x2061de]
V  [jvm.dll+0x141f3d]
V  [jvm.dll+0xfc3aa]
C  [java.dll+0x1061]
j  java.net.URLClassLoader.findClass(Ljava/lang/String;)Ljava/lang/Class;+13
j  java.lang.ClassLoader.loadClass(Ljava/lang/String;Z)Ljava/lang/Class;+70
j  sun.misc.Launcher$AppClassLoader.loadClass(Ljava/lang/String;Z)Ljava/lang/Class;+36
j  java.lang.ClassLoader.loadClass(Ljava/lang/String;)Ljava/lang/Class;+3
v  ~StubRoutines::call_stub
V  [jvm.dll+0x141eba]
V  [jvm.dll+0x2061de]
V  [jvm.dll+0x142085]
V  [jvm.dll+0x14215f]
V  [jvm.dll+0x42b3f]
V  [jvm.dll+0x43b6a]
V  [jvm.dll+0x4430d]
V  [jvm.dll+0x4435a]
V  [jvm.dll+0x970cd]
V  [jvm.dll+0x6b9c7]
j  com.mchange.v2.resourcepool.BasicResourcePool.destroyResource(Ljava/lang/Object;Z)V+0
j  com.mchange.v2.resourcepool.BasicResourcePool.access$100(Lcom/mchange/v2/resourcepool/BasicResourcePool;Ljava/lang/Object;Z)V+3
j  com.mchange.v2.resourcepool.BasicResourcePool$5.run()V+32
v  ~StubRoutines::call_stub
V  [jvm.dll+0x141eba]
V  [jvm.dll+0x2061de]
V  [jvm.dll+0x142085]
V  [jvm.dll+0x1420e7]
V  [jvm.dll+0xed0cf]
V  [jvm.dll+0x1631ac]
V  [jvm.dll+0x163c07]
V  [jvm.dll+0x1a8099]
C  [msvcr100.dll+0x5c556]
C  [msvcr100.dll+0x5c600]
C  [kernel32.dll+0x1338a]
C  [ntdll.dll+0x397f2]
C  [ntdll.dll+0x397c5]

Java frames: (J=compiled Java code, j=interpreted, Vv=VM code)
j  java.util.zip.ZipFile.read(JJJ[BII)I+0
j  java.util.zip.ZipFile.access$1400(JJJ[BII)I+10
j  java.util.zip.ZipFile$ZipFileInputStream.read([BII)I+66
j  java.util.zip.ZipFile$ZipFileInflaterInputStream.fill()V+32
j  java.util.zip.InflaterInputStream.read([BII)I+100
j  sun.misc.Resource.getBytes()[B+115
j  java.net.URLClassLoader.defineClass(Ljava/lang/String;Lsun/misc/Resource;)Ljava/lang/Class;+179
j  java.net.URLClassLoader.access$100(Ljava/net/URLClassLoader;Ljava/lang/String;Lsun/misc/Resource;)Ljava/lang/Class;+3
j  java.net.URLClassLoader$1.run()Ljava/lang/Class;+43
j  java.net.URLClassLoader$1.run()Ljava/lang/Object;+1
v  ~StubRoutines::call_stub
j  java.security.AccessController.doPrivileged(Ljava/security/PrivilegedExceptionAction;Ljava/security/AccessControlContext;)Ljava/lang/Object;+0
j  java.net.URLClassLoader.findClass(Ljava/lang/String;)Ljava/lang/Class;+13
j  java.lang.ClassLoader.loadClass(Ljava/lang/String;Z)Ljava/lang/Class;+70
j  sun.misc.Launcher$AppClassLoader.loadClass(Ljava/lang/String;Z)Ljava/lang/Class;+36
j  java.lang.ClassLoader.loadClass(Ljava/lang/String;)Ljava/lang/Class;+3
v  ~StubRoutines::call_stub
j  com.mchange.v2.resourcepool.BasicResourcePool.destroyResource(Ljava/lang/Object;Z)V+0
j  com.mchange.v2.resourcepool.BasicResourcePool.access$100(Lcom/mchange/v2/resourcepool/BasicResourcePool;Ljava/lang/Object;Z)V+3
j  com.mchange.v2.resourcepool.BasicResourcePool$5.run()V+32
v  ~StubRoutines::call_stub

---------------  P R O C E S S  ---------------

Java Threads: ( => current thread )
=>0x05994c00 JavaThread "Resource Destroyer in BasicResourcePool.close()" [_thread_in_native, id=10612, stack(0x060b0000,0x06100000)]
  0x05997400 JavaThread "Secondary finalizer" [_thread_blocked, id=9512, stack(0x05ff0000,0x06040000)]
  0x00aabc00 JavaThread "DestroyJavaVM" [_thread_blocked, id=6708, stack(0x02500000,0x02550000)]
  0x00a36800 JavaThread "Service Thread" daemon [_thread_blocked, id=11176, stack(0x049e0000,0x04a30000)]
  0x00a32400 JavaThread "C1 CompilerThread0" daemon [_thread_blocked, id=6940, stack(0x04bd0000,0x04c20000)]
  0x00a30c00 JavaThread "Attach Listener" daemon [_thread_blocked, id=3196, stack(0x04980000,0x049d0000)]
  0x00a2dc00 JavaThread "Signal Dispatcher" daemon [_thread_blocked, id=10308, stack(0x047f0000,0x04840000)]
  0x009bf800 JavaThread "Finalizer" daemon [_thread_blocked, id=9900, stack(0x045f0000,0x04640000)]
  0x009be000 JavaThread "Reference Handler" daemon [_thread_blocked, id=10520, stack(0x04890000,0x048e0000)]

Other Threads:
  0x009bc800 VMThread [stack: 0x04760000,0x047b0000] [id=6640]
  0x00a52000 WatcherThread [stack: 0x04a30000,0x04a80000] [id=9564]

VM state:not at safepoint (normal execution)

VM Mutex/Monitor currently owned by a thread: None

Heap
 def new generation   total 4928K, used 397K [0x24400000, 0x24950000, 0x29950000)
  eden space 4416K,   2% used [0x24400000, 0x2441dfa0, 0x24850000)
  from space 512K,  54% used [0x24850000, 0x248956f8, 0x248d0000)
  to   space 512K,   0% used [0x248d0000, 0x248d0000, 0x24950000)
 tenured generation   total 10944K, used 4107K [0x29950000, 0x2a400000, 0x34400000)
   the space 10944K,  37% used [0x29950000, 0x29d52c50, 0x29d52e00, 0x2a400000)
 compacting perm gen  total 12288K, used 3573K [0x34400000, 0x35000000, 0x38400000)
   the space 12288K,  29% used [0x34400000, 0x3477d770, 0x3477d800, 0x35000000)
    ro space 10240K,  44% used [0x38400000, 0x3887b880, 0x3887ba00, 0x38e00000)
    rw space 12288K,  52% used [0x38e00000, 0x39443888, 0x39443a00, 0x39a00000)

Card table byte_map: [0x00ca0000,0x00d50000] byte_map_base: 0x00b7e000

Polling page: 0x001e0000

Code Cache  [0x02550000, 0x026b8000, 0x04550000)
 total_blobs=587 nmethods=414 adapters=110 free_code_cache=31337Kb largest_free_block=32089408

Compilation events (10 events):
Event: 46.409 Thread 0x00a32400  412   !         java.io.BufferedWriter::write (117 bytes)
Event: 46.409 Thread 0x00a32400 nmethod 412 0x026b4008 code [0x026b4140, 0x026b4474]
Event: 46.413 Thread 0x00a32400  413             sun.misc.FDBigInt::mult (147 bytes)
Event: 46.414 Thread 0x00a32400 nmethod 413 0x026b4748 code [0x026b4860, 0x026b4b90]
Event: 46.414 Thread 0x00a32400  414             sun.misc.FDBigInt::add (190 bytes)
Event: 46.414 Thread 0x00a32400 nmethod 414 0x026b4dc8 code [0x026b4ef0, 0x026b532c]
Event: 46.420 Thread 0x00a32400  415             java.nio.Buffer::position (5 bytes)
Event: 46.420 Thread 0x00a32400 nmethod 415 0x026b5648 code [0x026b5740, 0x026b57c0]
Event: 46.447 Thread 0x00a32400  416             com.mysql.jdbc.Constants::integerValueOf (31 bytes)
Event: 46.447 Thread 0x00a32400 nmethod 416 0x026b5808 code [0x026b5900, 0x026b59f0]

GC Heap History (10 events):
Event: 39.348 GC heap before
{Heap before GC invocations=27 (full 0):
 def new generation   total 4928K, used 4670K [0x24400000, 0x24950000, 0x29950000)
  eden space 4416K, 100% used [0x24400000, 0x24850000, 0x24850000)
  from space 512K,  49% used [0x248d0000, 0x2490fbb0, 0x24950000)
  to   space 512K,   0% used [0x24850000, 0x24850000, 0x248d0000)
 tenured generation   total 10944K, used 4008K [0x29950000, 0x2a400000, 0x34400000)
   the space 10944K,  36% used [0x29950000, 0x29d3a0e0, 0x29d3a200, 0x2a400000)
 compacting perm gen  total 12288K, used 3537K [0x34400000, 0x35000000, 0x38400000)
   the space 12288K,  28% used [0x34400000, 0x34774550, 0x34774600, 0x35000000)
    ro space 10240K,  44% used [0x38400000, 0x3887b880, 0x3887ba00, 0x38e00000)
    rw space 12288K,  52% used [0x38e00000, 0x39443888, 0x39443a00, 0x39a00000)
Event: 39.349 GC heap after
Heap after GC invocations=28 (full 0):
 def new generation   total 4928K, used 278K [0x24400000, 0x24950000, 0x29950000)
  eden space 4416K,   0% used [0x24400000, 0x24400000, 0x24850000)
  from space 512K,  54% used [0x24850000, 0x24895a68, 0x248d0000)
  to   space 512K,   0% used [0x248d0000, 0x248d0000, 0x24950000)
 tenured generation   total 10944K, used 4008K [0x29950000, 0x2a400000, 0x34400000)
   the space 10944K,  36% used [0x29950000, 0x29d3a0e0, 0x29d3a200, 0x2a400000)
 compacting perm gen  total 12288K, used 3537K [0x34400000, 0x35000000, 0x38400000)
   the space 12288K,  28% used [0x34400000, 0x34774550, 0x34774600, 0x35000000)
    ro space 10240K,  44% used [0x38400000, 0x3887b880, 0x3887ba00, 0x38e00000)
    rw space 12288K,  52% used [0x38e00000, 0x39443888, 0x39443a00, 0x39a00000)
}
Event: 40.225 GC heap before
{Heap before GC invocations=28 (full 0):
 def new generation   total 4928K, used 4694K [0x24400000, 0x24950000, 0x29950000)
  eden space 4416K, 100% used [0x24400000, 0x24850000, 0x24850000)
  from space 512K,  54% used [0x24850000, 0x24895a68, 0x248d0000)
  to   space 512K,   0% used [0x248d0000, 0x248d0000, 0x24950000)
 tenured generation   total 10944K, used 4008K [0x29950000, 0x2a400000, 0x34400000)
   the space 10944K,  36% used [0x29950000, 0x29d3a0e0, 0x29d3a200, 0x2a400000)
 compacting perm gen  total 12288K, used 3537K [0x34400000, 0x35000000, 0x38400000)
   the space 12288K,  28% used [0x34400000, 0x34774550, 0x34774600, 0x35000000)
    ro space 10240K,  44% used [0x38400000, 0x3887b880, 0x3887ba00, 0x38e00000)
    rw space 12288K,  52% used [0x38e00000, 0x39443888, 0x39443a00, 0x39a00000)
Event: 40.226 GC heap after
Heap after GC invocations=29 (full 0):
 def new generation   total 4928K, used 275K [0x24400000, 0x24950000, 0x29950000)
  eden space 4416K,   0% used [0x24400000, 0x24400000, 0x24850000)
  from space 512K,  53% used [0x248d0000, 0x24914d98, 0x24950000)
  to   space 512K,   0% used [0x24850000, 0x24850000, 0x248d0000)
 tenured generation   total 10944K, used 4045K [0x29950000, 0x2a400000, 0x34400000)
   the space 10944K,  36% used [0x29950000, 0x29d437b8, 0x29d43800, 0x2a400000)
 compacting perm gen  total 12288K, used 3537K [0x34400000, 0x35000000, 0x38400000)
   the space 12288K,  28% used [0x34400000, 0x34774550, 0x34774600, 0x35000000)
    ro space 10240K,  44% used [0x38400000, 0x3887b880, 0x3887ba00, 0x38e00000)
    rw space 12288K,  52% used [0x38e00000, 0x39443888, 0x39443a00, 0x39a00000)
}
Event: 43.317 GC heap before
{Heap before GC invocations=29 (full 0):
 def new generation   total 4928K, used 4691K [0x24400000, 0x24950000, 0x29950000)
  eden space 4416K, 100% used [0x24400000, 0x24850000, 0x24850000)
  from space 512K,  53% used [0x248d0000, 0x24914d98, 0x24950000)
  to   space 512K,   0% used [0x24850000, 0x24850000, 0x248d0000)
 tenured generation   total 10944K, used 4045K [0x29950000, 0x2a400000, 0x34400000)
   the space 10944K,  36% used [0x29950000, 0x29d437b8, 0x29d43800, 0x2a400000)
 compacting perm gen  total 12288K, used 3537K [0x34400000, 0x35000000, 0x38400000)
   the space 12288K,  28% used [0x34400000, 0x34774550, 0x34774600, 0x35000000)
    ro space 10240K,  44% used [0x38400000, 0x3887b880, 0x3887ba00, 0x38e00000)
    rw space 12288K,  52% used [0x38e00000, 0x39443888, 0x39443a00, 0x39a00000)
Event: 43.318 GC heap after
Heap after GC invocations=30 (full 0):
 def new generation   total 4928K, used 251K [0x24400000, 0x24950000, 0x29950000)
  eden space 4416K,   0% used [0x24400000, 0x24400000, 0x24850000)
  from space 512K,  49% used [0x24850000, 0x2488eff0, 0x248d0000)
  to   space 512K,   0% used [0x248d0000, 0x248d0000, 0x24950000)
 tenured generation   total 10944K, used 4080K [0x29950000, 0x2a400000, 0x34400000)
   the space 10944K,  37% used [0x29950000, 0x29d4c238, 0x29d4c400, 0x2a400000)
 compacting perm gen  total 12288K, used 3537K [0x34400000, 0x35000000, 0x38400000)
   the space 12288K,  28% used [0x34400000, 0x34774550, 0x34774600, 0x35000000)
    ro space 10240K,  44% used [0x38400000, 0x3887b880, 0x3887ba00, 0x38e00000)
    rw space 12288K,  52% used [0x38e00000, 0x39443888, 0x39443a00, 0x39a00000)
}
Event: 44.161 GC heap before
{Heap before GC invocations=30 (full 0):
 def new generation   total 4928K, used 4667K [0x24400000, 0x24950000, 0x29950000)
  eden space 4416K, 100% used [0x24400000, 0x24850000, 0x24850000)
  from space 512K,  49% used [0x24850000, 0x2488eff0, 0x248d0000)
  to   space 512K,   0% used [0x248d0000, 0x248d0000, 0x24950000)
 tenured generation   total 10944K, used 4080K [0x29950000, 0x2a400000, 0x34400000)
   the space 10944K,  37% used [0x29950000, 0x29d4c238, 0x29d4c400, 0x2a400000)
 compacting perm gen  total 12288K, used 3537K [0x34400000, 0x35000000, 0x38400000)
   the space 12288K,  28% used [0x34400000, 0x34774550, 0x34774600, 0x35000000)
    ro space 10240K,  44% used [0x38400000, 0x3887b880, 0x3887ba00, 0x38e00000)
    rw space 12288K,  52% used [0x38e00000, 0x39443888, 0x39443a00, 0x39a00000)
Event: 44.162 GC heap after
Heap after GC invocations=31 (full 0):
 def new generation   total 4928K, used 269K [0x24400000, 0x24950000, 0x29950000)
  eden space 4416K,   0% used [0x24400000, 0x24400000, 0x24850000)
  from space 512K,  52% used [0x248d0000, 0x249137e0, 0x24950000)
  to   space 512K,   0% used [0x24850000, 0x24850000, 0x248d0000)
 tenured generation   total 10944K, used 4080K [0x29950000, 0x2a400000, 0x34400000)
   the space 10944K,  37% used [0x29950000, 0x29d4c238, 0x29d4c400, 0x2a400000)
 compacting perm gen  total 12288K, used 3537K [0x34400000, 0x35000000, 0x38400000)
   the space 12288K,  28% used [0x34400000, 0x34774550, 0x34774600, 0x35000000)
    ro space 10240K,  44% used [0x38400000, 0x3887b880, 0x3887ba00, 0x38e00000)
    rw space 12288K,  52% used [0x38e00000, 0x39443888, 0x39443a00, 0x39a00000)
}
Event: 46.455 GC heap before
{Heap before GC invocations=31 (full 0):
 def new generation   total 4928K, used 4685K [0x24400000, 0x24950000, 0x29950000)
  eden space 4416K, 100% used [0x24400000, 0x24850000, 0x24850000)
  from space 512K,  52% used [0x248d0000, 0x249137e0, 0x24950000)
  to   space 512K,   0% used [0x24850000, 0x24850000, 0x248d0000)
 tenured generation   total 10944K, used 4080K [0x29950000, 0x2a400000, 0x34400000)
   the space 10944K,  37% used [0x29950000, 0x29d4c238, 0x29d4c400, 0x2a400000)
 compacting perm gen  total 12288K, used 3573K [0x34400000, 0x35000000, 0x38400000)
   the space 12288K,  29% used [0x34400000, 0x3477d770, 0x3477d800, 0x35000000)
    ro space 10240K,  44% used [0x38400000, 0x3887b880, 0x3887ba00, 0x38e00000)
    rw space 12288K,  52% used [0x38e00000, 0x39443888, 0x39443a00, 0x39a00000)
Event: 46.457 GC heap after
Heap after GC invocations=32 (full 0):
 def new generation   total 4928K, used 277K [0x24400000, 0x24950000, 0x29950000)
  eden space 4416K,   0% used [0x24400000, 0x24400000, 0x24850000)
  from space 512K,  54% used [0x24850000, 0x248956f8, 0x248d0000)
  to   space 512K,   0% used [0x248d0000, 0x248d0000, 0x24950000)
 tenured generation   total 10944K, used 4107K [0x29950000, 0x2a400000, 0x34400000)
   the space 10944K,  37% used [0x29950000, 0x29d52c50, 0x29d52e00, 0x2a400000)
 compacting perm gen  total 12288K, used 3573K [0x34400000, 0x35000000, 0x38400000)
   the space 12288K,  29% used [0x34400000, 0x3477d770, 0x3477d800, 0x35000000)
    ro space 10240K,  44% used [0x38400000, 0x3887b880, 0x3887ba00, 0x38e00000)
    rw space 12288K,  52% used [0x38e00000, 0x39443888, 0x39443a00, 0x39a00000)
}

Deoptimization events (0 events):
No events

Internal exceptions (10 events):
Event: 46.454 Thread 0x05997400 Threw 0x24849610 at C:\re\jdk7u75\1940\hotspot\src\share\vm\runtime\reflection.cpp:1030
Event: 46.454 Thread 0x05997400 Threw 0x248497e0 at C:\re\jdk7u75\1940\hotspot\src\share\vm\prims\jni.cpp:743
Event: 46.454 Thread 0x05997400 Threw 0x2484a320 at C:\re\jdk7u75\1940\hotspot\src\share\vm\runtime\reflection.cpp:1030
Event: 46.454 Thread 0x05997400 Threw 0x2484a4f0 at C:\re\jdk7u75\1940\hotspot\src\share\vm\prims\jni.cpp:743
Event: 46.454 Thread 0x05997400 Threw 0x2484b030 at C:\re\jdk7u75\1940\hotspot\src\share\vm\runtime\reflection.cpp:1030
Event: 46.454 Thread 0x05997400 Threw 0x2484b3d0 at C:\re\jdk7u75\1940\hotspot\src\share\vm\interpreter\linkResolver.cpp:892
Event: 46.457 Thread 0x05994c00 Threw 0x24400050 at C:\re\jdk7u75\1940\hotspot\src\share\vm\prims\jvm.cpp:1281
Event: 46.457 Thread 0x04dd3400 Threw 0x24850340 at C:\re\jdk7u75\1940\hotspot\src\share\vm\runtime\objectMonitor.cpp:1652
Event: 46.458 Thread 0x04dd8c00 Threw 0x24418d70 at C:\re\jdk7u75\1940\hotspot\src\share\vm\runtime\objectMonitor.cpp:1652
Event: 46.458 Thread 0x04de2c00 Threw 0x2441b678 at C:\re\jdk7u75\1940\hotspot\src\share\vm\runtime\objectMonitor.cpp:1652

Events (10 events):
Event: 46.455 Thread 0x05994c00 Thread added: 0x05994c00
Event: 46.455 Thread 0x058b7c00 Thread exited: 0x058b7c00
Event: 46.455 loading class 0x04dedf50
Event: 46.455 loading class 0x04dedf50 done
Event: 46.455 Executing VM operation: GenCollectForAllocation
Event: 46.457 Executing VM operation: GenCollectForAllocation done
Event: 46.457 Thread 0x04dd3400 Thread exited: 0x04dd3400
Event: 46.458 Thread 0x04dd8c00 Thread exited: 0x04dd8c00
Event: 46.458 Thread 0x04de2c00 Thread exited: 0x04de2c00
Event: 46.458 Thread 0x04dd6800 Thread exited: 0x04dd6800


Dynamic libraries:
0x00d60000 - 0x00d8f000 	C:\Program Files (x86)\Java\jdk1.7.0_75\bin\java.exe
0x77540000 - 0x776c0000 	C:\Windows\SysWOW64\ntdll.dll
0x77010000 - 0x77120000 	C:\Windows\syswow64\kernel32.dll
0x75ec0000 - 0x75f07000 	C:\Windows\syswow64\KERNELBASE.dll
0x749a0000 - 0x74a0e000 	C:\Windows\SysWOW64\SYSFER.DLL
0x75fa0000 - 0x76041000 	C:\Windows\syswow64\ADVAPI32.dll
0x754d0000 - 0x7557c000 	C:\Windows\syswow64\msvcrt.dll
0x77120000 - 0x77139000 	C:\Windows\SysWOW64\sechost.dll
0x75be0000 - 0x75cd0000 	C:\Windows\syswow64\RPCRT4.dll
0x74f40000 - 0x74fa0000 	C:\Windows\syswow64\SspiCli.dll
0x74f30000 - 0x74f3c000 	C:\Windows\syswow64\CRYPTBASE.dll
0x753d0000 - 0x754d0000 	C:\Windows\syswow64\USER32.dll
0x76e60000 - 0x76ef0000 	C:\Windows\syswow64\GDI32.dll
0x75ea0000 - 0x75eaa000 	C:\Windows\syswow64\LPK.dll
0x74fb0000 - 0x7504d000 	C:\Windows\syswow64\USP10.dll
0x70bb0000 - 0x70d4e000 	C:\Windows\WinSxS\x86_microsoft.windows.common-controls_6595b64144ccf1df_6.0.7601.18837_none_41e855142bd5705d\COMCTL32.dll
0x75250000 - 0x752a7000 	C:\Windows\syswow64\SHLWAPI.dll
0x75340000 - 0x753a0000 	C:\Windows\system32\IMM32.DLL
0x75180000 - 0x7524c000 	C:\Windows\syswow64\MSCTF.dll
0x6c420000 - 0x6c4df000 	C:\Program Files (x86)\Java\jdk1.7.0_75\jre\bin\msvcr100.dll
0x64e00000 - 0x65189000 	C:\Program Files (x86)\Java\jdk1.7.0_75\jre\bin\client\jvm.dll
0x744f0000 - 0x744f7000 	C:\Windows\system32\WSOCK32.dll
0x75a40000 - 0x75a75000 	C:\Windows\syswow64\WS2_32.dll
0x75e90000 - 0x75e96000 	C:\Windows\syswow64\NSI.dll
0x73cf0000 - 0x73d22000 	C:\Windows\system32\WINMM.dll
0x77510000 - 0x77515000 	C:\Windows\syswow64\PSAPI.DLL
0x72510000 - 0x7251c000 	C:\Program Files (x86)\Java\jdk1.7.0_75\jre\bin\verify.dll
0x71bd0000 - 0x71bf0000 	C:\Program Files (x86)\Java\jdk1.7.0_75\jre\bin\java.dll
0x70a60000 - 0x70a73000 	C:\Program Files (x86)\Java\jdk1.7.0_75\jre\bin\zip.dll
0x6e780000 - 0x6e794000 	C:\Program Files (x86)\Java\jdk1.7.0_75\jre\bin\net.dll
0x74140000 - 0x7417c000 	C:\Windows\system32\mswsock.dll
0x722a0000 - 0x722a6000 	C:\Windows\System32\wship6.dll
0x70800000 - 0x7080f000 	C:\Program Files (x86)\Java\jdk1.7.0_75\jre\bin\nio.dll
0x72500000 - 0x72510000 	C:\Windows\system32\NLAapi.dll
0x70b30000 - 0x70b40000 	C:\Windows\system32\napinsp.dll
0x70b10000 - 0x70b22000 	C:\Windows\system32\pnrpnsp.dll
0x72040000 - 0x72084000 	C:\Windows\system32\DNSAPI.dll
0x70b00000 - 0x70b08000 	C:\Windows\System32\winrnr.dll
0x70af0000 - 0x70afd000 	C:\Windows\system32\wshbth.dll
0x74130000 - 0x74135000 	C:\Windows\System32\wshtcpip.dll
0x741c0000 - 0x741dc000 	C:\Windows\system32\IPHLPAPI.DLL
0x741b0000 - 0x741b7000 	C:\Windows\system32\WINNSI.DLL
0x72290000 - 0x72296000 	C:\Windows\system32\rasadhlp.dll
0x71990000 - 0x719c8000 	C:\Windows\System32\fwpuclnt.dll
0x73ef0000 - 0x73f07000 	C:\Windows\system32\CRYPTSP.dll
0x73eb0000 - 0x73eeb000 	C:\Windows\system32\rsaenh.dll
0x76050000 - 0x76067000 	C:\Windows\syswow64\USERENV.dll
0x74fa0000 - 0x74fab000 	C:\Windows\syswow64\profapi.dll
0x74190000 - 0x741a2000 	C:\Windows\system32\dhcpcsvc.DLL
0x74180000 - 0x7418d000 	C:\Windows\system32\dhcpcsvc6.DLL
0x6a560000 - 0x6a56a000 	C:\Program Files (x86)\Java\jdk1.7.0_75\jre\bin\management.dll
0x5f2c0000 - 0x5f3ab000 	C:\Windows\system32\dbghelp.dll

VM Arguments:
jvm_args: -Dfile.encoding=UTF-8 
java_command: pem_lte.PEM_LTE
Launcher Type: SUN_STANDARD

Environment Variables:
PATH=C:\Windows\system32;C:\Windows;C:\Windows\System32\Wbem;C:\Windows\System32\WindowsPowerShell\v1.0\;C:\Program Files (x86)\Java\jdk1.7.0_75\bin;C:\Program Files (x86)\Java\jre7\bin;C:\Program Files (x86)\WinSCP\;C:\Program Files (x86)\Skype\Phone\;C:\Program Files (x86)\WinMerge
USERNAME=turczyt
OS=Windows_NT
PROCESSOR_IDENTIFIER=Intel64 Family 6 Model 69 Stepping 1, GenuineIntel



---------------  S Y S T E M  ---------------

OS: Windows 7 , 64 bit Build 7601 Service Pack 1

CPU:total 4 (2 cores per cpu, 2 threads per core) family 6 model 69 stepping 1, cmov, cx8, fxsr, mmx, sse, sse2, sse3, ssse3, sse4.1, sse4.2, popcnt, avx, avx2, aes, erms, ht, tsc, tscinvbit

Memory: 4k page, physical 4088944k(1515388k free), swap 10219824k(6952964k free)

vm_info: Java HotSpot(TM) Client VM (24.75-b04) for windows-x86 JRE (1.7.0_75-b13), built on Dec 18 2014 17:06:46 by "java_re" with unknown MS VC++:1600

time: Wed Feb 17 11:36:37 2016
elapsed time: 46 seconds

