#
# A fatal error has been detected by the Java Runtime Environment:
#
#  EXCEPTION_ACCESS_VIOLATION (0xc0000005) at pc=0x5ff4323d, pid=7972, tid=9636
#
# JRE version: Java(TM) SE Runtime Environment (7.0_75-b13) (build 1.7.0_75-b13)
# Java VM: Java HotSpot(TM) Client VM (24.75-b04 mixed mode, sharing windows-x86 )
# Problematic frame:
# C  [zip.dll+0x323d]
#
# Failed to write core dump. Minidumps are not enabled by default on client versions of Windows
#
# If you would like to submit a bug report, please visit:
#   http://bugreport.sun.com/bugreport/crash.jsp
# The crash happened outside the Java Virtual Machine in native code.
# See problematic frame for where to report the bug.
#

---------------  T H R E A D  ---------------

Current thread (0x04e5ec00):  JavaThread "Resource Destroyer in BasicResourcePool.close()" [_thread_in_native, id=9636, stack(0x04ad0000,0x04b20000)]

siginfo: ExceptionCode=0xc0000005, reading address 0x0000001c

Registers:
EAX=0x00000000, EBX=0x00000000, ECX=0x00000010, EDX=0x00d2b588
ESP=0x04b1c564, EBP=0x04b1c56c, ESI=0x04e5ed30, EDI=0x00d4fc98
EIP=0x5ff4323d, EFLAGS=0x00010246

Top of Stack: (sp=0x04b1c564)
0x04b1c564:   00000010 00000010 04b1e628 5ff41d22
0x04b1c574:   00d4fc98 00000000 00000000 00000000
0x04b1c584:   04b1c5a4 00000380 00d4fc98 04e5ec00
0x04b1c594:   385a24d8 390509d8 00000000 04b1e694
0x04b1c5a4:   00000000 00000000 00000000 00000000
0x04b1c5b4:   00000000 00000000 00000000 00000000
0x04b1c5c4:   00000000 00000000 00000000 00000000
0x04b1c5d4:   00000000 00000000 00000000 00000000 

Instructions: (pc=0x5ff4323d)
0x5ff4321d:   30 89 7e 34 8b 46 30 8b 56 34 8b 4d fc 5f 33 cd
0x5ff4322d:   5e e8 49 5a 00 00 c9 c3 55 8b ec 51 51 8b 45 0c
0x5ff4323d:   8b 48 1c 53 8b 58 18 8b d3 0b d1 56 57 75 06 8b
0x5ff4324d:   58 10 8b 48 14 8b 7d 08 33 f6 89 77 3c 39 75 14 


Register to memory mapping:

EAX=0x00000000 is an unknown value
EBX=0x00000000 is an unknown value
ECX=0x00000010 is an unknown value
EDX=0x00d2b588 is an unknown value
ESP=0x04b1c564 is pointing into the stack for thread: 0x04e5ec00
EBP=0x04b1c56c is pointing into the stack for thread: 0x04e5ec00
ESI=0x04e5ed30 is an unknown value
EDI=0x00d4fc98 is an unknown value


Stack: [0x04ad0000,0x04b20000],  sp=0x04b1c564,  free space=305k
Native frames: (J=compiled Java code, j=interpreted, Vv=VM code, C=native code)
C  [zip.dll+0x323d]
C  [zip.dll+0x1d22]
j  java.util.zip.ZipFile.read(JJJ[BII)I+0
j  java.util.zip.ZipFile.access$1400(JJJ[BII)I+10
j  java.util.zip.ZipFile$ZipFileInputStream.read([BII)I+66
j  java.util.zip.ZipFile$ZipFileInflaterInputStream.fill()V+32
j  java.util.zip.InflaterInputStream.read([BII)I+100
j  sun.misc.Resource.getBytes()[B+115
j  java.net.URLClassLoader.defineClass(Ljava/lang/String;Lsun/misc/Resource;)Ljava/lang/Class;+179
j  java.net.URLClassLoader.access$100(Ljava/net/URLClassLoader;Ljava/lang/String;Lsun/misc/Resource;)Ljava/lang/Class;+3
j  java.net.URLClassLoader$1.run()Ljava/lang/Class;+43
j  java.net.URLClassLoader$1.run()Ljava/lang/Object;+1
v  ~StubRoutines::call_stub
V  [jvm.dll+0x141eba]
V  [jvm.dll+0x2061de]
V  [jvm.dll+0x141f3d]
V  [jvm.dll+0xfc3aa]
C  [java.dll+0x1061]
j  java.net.URLClassLoader.findClass(Ljava/lang/String;)Ljava/lang/Class;+13
j  java.lang.ClassLoader.loadClass(Ljava/lang/String;Z)Ljava/lang/Class;+70
j  sun.misc.Launcher$AppClassLoader.loadClass(Ljava/lang/String;Z)Ljava/lang/Class;+36
j  java.lang.ClassLoader.loadClass(Ljava/lang/String;)Ljava/lang/Class;+3
v  ~StubRoutines::call_stub
V  [jvm.dll+0x141eba]
V  [jvm.dll+0x2061de]
V  [jvm.dll+0x142085]
V  [jvm.dll+0x14215f]
V  [jvm.dll+0x42b3f]
V  [jvm.dll+0x43b6a]
V  [jvm.dll+0x4430d]
V  [jvm.dll+0x4435a]
V  [jvm.dll+0x970cd]
V  [jvm.dll+0x6b9c7]
j  com.mchange.v2.resourcepool.BasicResourcePool.destroyResource(Ljava/lang/Object;Z)V+0
j  com.mchange.v2.resourcepool.BasicResourcePool.access$100(Lcom/mchange/v2/resourcepool/BasicResourcePool;Ljava/lang/Object;Z)V+3
j  com.mchange.v2.resourcepool.BasicResourcePool$5.run()V+32
v  ~StubRoutines::call_stub
V  [jvm.dll+0x141eba]
V  [jvm.dll+0x2061de]
V  [jvm.dll+0x142085]
V  [jvm.dll+0x1420e7]
V  [jvm.dll+0xed0cf]
V  [jvm.dll+0x1631ac]
V  [jvm.dll+0x163c07]
V  [jvm.dll+0x1a8099]
C  [msvcr100.dll+0x5c556]
C  [msvcr100.dll+0x5c600]
C  [kernel32.dll+0x1338a]
C  [ntdll.dll+0x397f2]
C  [ntdll.dll+0x397c5]

Java frames: (J=compiled Java code, j=interpreted, Vv=VM code)
j  java.util.zip.ZipFile.read(JJJ[BII)I+0
j  java.util.zip.ZipFile.access$1400(JJJ[BII)I+10
j  java.util.zip.ZipFile$ZipFileInputStream.read([BII)I+66
j  java.util.zip.ZipFile$ZipFileInflaterInputStream.fill()V+32
j  java.util.zip.InflaterInputStream.read([BII)I+100
j  sun.misc.Resource.getBytes()[B+115
j  java.net.URLClassLoader.defineClass(Ljava/lang/String;Lsun/misc/Resource;)Ljava/lang/Class;+179
j  java.net.URLClassLoader.access$100(Ljava/net/URLClassLoader;Ljava/lang/String;Lsun/misc/Resource;)Ljava/lang/Class;+3
j  java.net.URLClassLoader$1.run()Ljava/lang/Class;+43
j  java.net.URLClassLoader$1.run()Ljava/lang/Object;+1
v  ~StubRoutines::call_stub
j  java.security.AccessController.doPrivileged(Ljava/security/PrivilegedExceptionAction;Ljava/security/AccessControlContext;)Ljava/lang/Object;+0
j  java.net.URLClassLoader.findClass(Ljava/lang/String;)Ljava/lang/Class;+13
j  java.lang.ClassLoader.loadClass(Ljava/lang/String;Z)Ljava/lang/Class;+70
j  sun.misc.Launcher$AppClassLoader.loadClass(Ljava/lang/String;Z)Ljava/lang/Class;+36
j  java.lang.ClassLoader.loadClass(Ljava/lang/String;)Ljava/lang/Class;+3
v  ~StubRoutines::call_stub
j  com.mchange.v2.resourcepool.BasicResourcePool.destroyResource(Ljava/lang/Object;Z)V+0
j  com.mchange.v2.resourcepool.BasicResourcePool.access$100(Lcom/mchange/v2/resourcepool/BasicResourcePool;Ljava/lang/Object;Z)V+3
j  com.mchange.v2.resourcepool.BasicResourcePool$5.run()V+32
v  ~StubRoutines::call_stub

---------------  P R O C E S S  ---------------

Java Threads: ( => current thread )
=>0x04e5ec00 JavaThread "Resource Destroyer in BasicResourcePool.close()" [_thread_in_native, id=9636, stack(0x04ad0000,0x04b20000)]
  0x057f6000 JavaThread "Secondary finalizer" [_thread_blocked, id=10884, stack(0x05d50000,0x05da0000)]
  0x00d2bc00 JavaThread "DestroyJavaVM" [_thread_blocked, id=3784, stack(0x01080000,0x010d0000)]
  0x00de3400 JavaThread "Service Thread" daemon [_thread_blocked, id=2272, stack(0x04be0000,0x04c30000)]
  0x00de2000 JavaThread "C1 CompilerThread0" daemon [_thread_blocked, id=7668, stack(0x047c0000,0x04810000)]
  0x00de1000 JavaThread "Attach Listener" daemon [_thread_blocked, id=188, stack(0x04a70000,0x04ac0000)]
  0x00dddc00 JavaThread "Signal Dispatcher" daemon [_thread_blocked, id=5996, stack(0x048e0000,0x04930000)]
  0x00d73000 JavaThread "Finalizer" daemon [_thread_blocked, id=5384, stack(0x04660000,0x046b0000)]
  0x00d6e000 JavaThread "Reference Handler" daemon [_thread_blocked, id=10060, stack(0x01010000,0x01060000)]

Other Threads:
  0x00d6c800 VMThread [stack: 0x04730000,0x04780000] [id=9228]
  0x00e07000 WatcherThread [stack: 0x04c60000,0x04cb0000] [id=5444]

VM state:not at safepoint (normal execution)

VM Mutex/Monitor currently owned by a thread: None

Heap
 def new generation   total 4928K, used 1191K [0x24400000, 0x24950000, 0x29950000)
  eden space 4416K,  21% used [0x24400000, 0x244ea948, 0x24850000)
  from space 512K,  49% used [0x24850000, 0x2488f4b8, 0x248d0000)
  to   space 512K,   0% used [0x248d0000, 0x248d0000, 0x24950000)
 tenured generation   total 10944K, used 4022K [0x29950000, 0x2a400000, 0x34400000)
   the space 10944K,  36% used [0x29950000, 0x29d3d880, 0x29d3da00, 0x2a400000)
 compacting perm gen  total 12288K, used 3556K [0x34400000, 0x35000000, 0x38400000)
   the space 12288K,  28% used [0x34400000, 0x34779300, 0x34779400, 0x35000000)
    ro space 10240K,  44% used [0x38400000, 0x3887b880, 0x3887ba00, 0x38e00000)
    rw space 12288K,  52% used [0x38e00000, 0x39443888, 0x39443a00, 0x39a00000)

Card table byte_map: [0x010d0000,0x01180000] byte_map_base: 0x00fae000

Polling page: 0x00390000

Code Cache  [0x025f0000, 0x02758000, 0x045f0000)
 total_blobs=583 nmethods=411 adapters=109 free_code_cache=31356Kb largest_free_block=32109504

Compilation events (10 events):
Event: 10.050 Thread 0x00de2000  410             nbipackage.NPack::<init> (504 bytes)
Event: 10.052 Thread 0x00de2000 nmethod 410 0x02749c48 code [0x02749fb0, 0x0274b7c0]
Event: 12.338 Thread 0x00de2000  411             nbipackage.StacjaDane::<init> (384 bytes)
Event: 12.340 Thread 0x00de2000 nmethod 411 0x0274d7c8 code [0x0274dae0, 0x0274eb44]
Event: 16.301 Thread 0x00de2000  412             java.lang.String::toString (2 bytes)
Event: 16.301 Thread 0x00de2000 nmethod 412 0x027500c8 code [0x027501c0, 0x02750240]
Event: 23.687 Thread 0x00de2000  413             java.nio.Buffer::position (43 bytes)
Event: 23.687 Thread 0x00de2000 nmethod 413 0x02750288 code [0x02750390, 0x0275049c]
Event: 24.149 Thread 0x00de2000  414   !         java.io.BufferedWriter::write (117 bytes)
Event: 24.149 Thread 0x00de2000 nmethod 414 0x02750508 code [0x02750640, 0x02750974]

GC Heap History (10 events):
Event: 20.745 GC heap before
{Heap before GC invocations=23 (full 0):
 def new generation   total 4928K, used 4709K [0x24400000, 0x24950000, 0x29950000)
  eden space 4416K, 100% used [0x24400000, 0x24850000, 0x24850000)
  from space 512K,  57% used [0x248d0000, 0x24919610, 0x24950000)
  to   space 512K,   0% used [0x24850000, 0x24850000, 0x248d0000)
 tenured generation   total 10944K, used 3870K [0x29950000, 0x2a400000, 0x34400000)
   the space 10944K,  35% used [0x29950000, 0x29d17838, 0x29d17a00, 0x2a400000)
 compacting perm gen  total 12288K, used 3520K [0x34400000, 0x35000000, 0x38400000)
   the space 12288K,  28% used [0x34400000, 0x347700e0, 0x34770200, 0x35000000)
    ro space 10240K,  44% used [0x38400000, 0x3887b880, 0x3887ba00, 0x38e00000)
    rw space 12288K,  52% used [0x38e00000, 0x39443888, 0x39443a00, 0x39a00000)
Event: 20.746 GC heap after
Heap after GC invocations=24 (full 0):
 def new generation   total 4928K, used 288K [0x24400000, 0x24950000, 0x29950000)
  eden space 4416K,   0% used [0x24400000, 0x24400000, 0x24850000)
  from space 512K,  56% used [0x24850000, 0x24898090, 0x248d0000)
  to   space 512K,   0% used [0x248d0000, 0x248d0000, 0x24950000)
 tenured generation   total 10944K, used 3920K [0x29950000, 0x2a400000, 0x34400000)
   the space 10944K,  35% used [0x29950000, 0x29d24280, 0x29d24400, 0x2a400000)
 compacting perm gen  total 12288K, used 3520K [0x34400000, 0x35000000, 0x38400000)
   the space 12288K,  28% used [0x34400000, 0x347700e0, 0x34770200, 0x35000000)
    ro space 10240K,  44% used [0x38400000, 0x3887b880, 0x3887ba00, 0x38e00000)
    rw space 12288K,  52% used [0x38e00000, 0x39443888, 0x39443a00, 0x39a00000)
}
Event: 22.279 GC heap before
{Heap before GC invocations=24 (full 0):
 def new generation   total 4928K, used 4704K [0x24400000, 0x24950000, 0x29950000)
  eden space 4416K, 100% used [0x24400000, 0x24850000, 0x24850000)
  from space 512K,  56% used [0x24850000, 0x24898090, 0x248d0000)
  to   space 512K,   0% used [0x248d0000, 0x248d0000, 0x24950000)
 tenured generation   total 10944K, used 3920K [0x29950000, 0x2a400000, 0x34400000)
   the space 10944K,  35% used [0x29950000, 0x29d24280, 0x29d24400, 0x2a400000)
 compacting perm gen  total 12288K, used 3520K [0x34400000, 0x35000000, 0x38400000)
   the space 12288K,  28% used [0x34400000, 0x347700e0, 0x34770200, 0x35000000)
    ro space 10240K,  44% used [0x38400000, 0x3887b880, 0x3887ba00, 0x38e00000)
    rw space 12288K,  52% used [0x38e00000, 0x39443888, 0x39443a00, 0x39a00000)
Event: 22.280 GC heap after
Heap after GC invocations=25 (full 0):
 def new generation   total 4928K, used 252K [0x24400000, 0x24950000, 0x29950000)
  eden space 4416K,   0% used [0x24400000, 0x24400000, 0x24850000)
  from space 512K,  49% used [0x248d0000, 0x2490f008, 0x24950000)
  to   space 512K,   0% used [0x24850000, 0x24850000, 0x248d0000)
 tenured generation   total 10944K, used 3956K [0x29950000, 0x2a400000, 0x34400000)
   the space 10944K,  36% used [0x29950000, 0x29d2d398, 0x29d2d400, 0x2a400000)
 compacting perm gen  total 12288K, used 3520K [0x34400000, 0x35000000, 0x38400000)
   the space 12288K,  28% used [0x34400000, 0x347700e0, 0x34770200, 0x35000000)
    ro space 10240K,  44% used [0x38400000, 0x3887b880, 0x3887ba00, 0x38e00000)
    rw space 12288K,  52% used [0x38e00000, 0x39443888, 0x39443a00, 0x39a00000)
}
Event: 23.059 GC heap before
{Heap before GC invocations=25 (full 0):
 def new generation   total 4928K, used 4668K [0x24400000, 0x24950000, 0x29950000)
  eden space 4416K, 100% used [0x24400000, 0x24850000, 0x24850000)
  from space 512K,  49% used [0x248d0000, 0x2490f008, 0x24950000)
  to   space 512K,   0% used [0x24850000, 0x24850000, 0x248d0000)
 tenured generation   total 10944K, used 3956K [0x29950000, 0x2a400000, 0x34400000)
   the space 10944K,  36% used [0x29950000, 0x29d2d398, 0x29d2d400, 0x2a400000)
 compacting perm gen  total 12288K, used 3520K [0x34400000, 0x35000000, 0x38400000)
   the space 12288K,  28% used [0x34400000, 0x347700e0, 0x34770200, 0x35000000)
    ro space 10240K,  44% used [0x38400000, 0x3887b880, 0x3887ba00, 0x38e00000)
    rw space 12288K,  52% used [0x38e00000, 0x39443888, 0x39443a00, 0x39a00000)
Event: 23.060 GC heap after
Heap after GC invocations=26 (full 0):
 def new generation   total 4928K, used 287K [0x24400000, 0x24950000, 0x29950000)
  eden space 4416K,   0% used [0x24400000, 0x24400000, 0x24850000)
  from space 512K,  56% used [0x24850000, 0x24897fe0, 0x248d0000)
  to   space 512K,   0% used [0x248d0000, 0x248d0000, 0x24950000)
 tenured generation   total 10944K, used 3956K [0x29950000, 0x2a400000, 0x34400000)
   the space 10944K,  36% used [0x29950000, 0x29d2d398, 0x29d2d400, 0x2a400000)
 compacting perm gen  total 12288K, used 3520K [0x34400000, 0x35000000, 0x38400000)
   the space 12288K,  28% used [0x34400000, 0x347700e0, 0x34770200, 0x35000000)
    ro space 10240K,  44% used [0x38400000, 0x3887b880, 0x3887ba00, 0x38e00000)
    rw space 12288K,  52% used [0x38e00000, 0x39443888, 0x39443a00, 0x39a00000)
}
Event: 24.596 GC heap before
{Heap before GC invocations=26 (full 0):
 def new generation   total 4928K, used 4703K [0x24400000, 0x24950000, 0x29950000)
  eden space 4416K, 100% used [0x24400000, 0x24850000, 0x24850000)
  from space 512K,  56% used [0x24850000, 0x24897fe0, 0x248d0000)
  to   space 512K,   0% used [0x248d0000, 0x248d0000, 0x24950000)
 tenured generation   total 10944K, used 3956K [0x29950000, 0x2a400000, 0x34400000)
   the space 10944K,  36% used [0x29950000, 0x29d2d398, 0x29d2d400, 0x2a400000)
 compacting perm gen  total 12288K, used 3520K [0x34400000, 0x35000000, 0x38400000)
   the space 12288K,  28% used [0x34400000, 0x347700e0, 0x34770200, 0x35000000)
    ro space 10240K,  44% used [0x38400000, 0x3887b880, 0x3887ba00, 0x38e00000)
    rw space 12288K,  52% used [0x38e00000, 0x39443888, 0x39443a00, 0x39a00000)
Event: 24.597 GC heap after
Heap after GC invocations=27 (full 0):
 def new generation   total 4928K, used 283K [0x24400000, 0x24950000, 0x29950000)
  eden space 4416K,   0% used [0x24400000, 0x24400000, 0x24850000)
  from space 512K,  55% used [0x248d0000, 0x24916f48, 0x24950000)
  to   space 512K,   0% used [0x24850000, 0x24850000, 0x248d0000)
 tenured generation   total 10944K, used 3990K [0x29950000, 0x2a400000, 0x34400000)
   the space 10944K,  36% used [0x29950000, 0x29d35b78, 0x29d35c00, 0x2a400000)
 compacting perm gen  total 12288K, used 3520K [0x34400000, 0x35000000, 0x38400000)
   the space 12288K,  28% used [0x34400000, 0x347700e0, 0x34770200, 0x35000000)
    ro space 10240K,  44% used [0x38400000, 0x3887b880, 0x3887ba00, 0x38e00000)
    rw space 12288K,  52% used [0x38e00000, 0x39443888, 0x39443a00, 0x39a00000)
}
Event: 25.808 GC heap before
{Heap before GC invocations=27 (full 0):
 def new generation   total 4928K, used 4699K [0x24400000, 0x24950000, 0x29950000)
  eden space 4416K, 100% used [0x24400000, 0x24850000, 0x24850000)
  from space 512K,  55% used [0x248d0000, 0x24916f48, 0x24950000)
  to   space 512K,   0% used [0x24850000, 0x24850000, 0x248d0000)
 tenured generation   total 10944K, used 3990K [0x29950000, 0x2a400000, 0x34400000)
   the space 10944K,  36% used [0x29950000, 0x29d35b78, 0x29d35c00, 0x2a400000)
 compacting perm gen  total 12288K, used 3520K [0x34400000, 0x35000000, 0x38400000)
   the space 12288K,  28% used [0x34400000, 0x347700e0, 0x34770200, 0x35000000)
    ro space 10240K,  44% used [0x38400000, 0x3887b880, 0x3887ba00, 0x38e00000)
    rw space 12288K,  52% used [0x38e00000, 0x39443888, 0x39443a00, 0x39a00000)
Event: 25.809 GC heap after
Heap after GC invocations=28 (full 0):
 def new generation   total 4928K, used 253K [0x24400000, 0x24950000, 0x29950000)
  eden space 4416K,   0% used [0x24400000, 0x24400000, 0x24850000)
  from space 512K,  49% used [0x24850000, 0x2488f4b8, 0x248d0000)
  to   space 512K,   0% used [0x248d0000, 0x248d0000, 0x24950000)
 tenured generation   total 10944K, used 4022K [0x29950000, 0x2a400000, 0x34400000)
   the space 10944K,  36% used [0x29950000, 0x29d3d880, 0x29d3da00, 0x2a400000)
 compacting perm gen  total 12288K, used 3520K [0x34400000, 0x35000000, 0x38400000)
   the space 12288K,  28% used [0x34400000, 0x347700e0, 0x34770200, 0x35000000)
    ro space 10240K,  44% used [0x38400000, 0x3887b880, 0x3887ba00, 0x38e00000)
    rw space 12288K,  52% used [0x38e00000, 0x39443888, 0x39443a00, 0x39a00000)
}

Deoptimization events (0 events):
No events

Internal exceptions (10 events):
Event: 25.822 Thread 0x057f6000 Threw 0x244c5788 at C:\re\jdk7u75\1940\hotspot\src\share\vm\runtime\reflection.cpp:1030
Event: 25.822 Thread 0x057f6000 Threw 0x244c5958 at C:\re\jdk7u75\1940\hotspot\src\share\vm\prims\jni.cpp:743
Event: 25.822 Thread 0x057f6000 Threw 0x244c6498 at C:\re\jdk7u75\1940\hotspot\src\share\vm\runtime\reflection.cpp:1030
Event: 25.822 Thread 0x057f6000 Threw 0x244c6668 at C:\re\jdk7u75\1940\hotspot\src\share\vm\prims\jni.cpp:743
Event: 25.822 Thread 0x057f6000 Threw 0x244c71a8 at C:\re\jdk7u75\1940\hotspot\src\share\vm\runtime\reflection.cpp:1030
Event: 25.822 Thread 0x057f6000 Threw 0x244c7548 at C:\re\jdk7u75\1940\hotspot\src\share\vm\interpreter\linkResolver.cpp:892
Event: 25.823 Thread 0x04e5ec00 Threw 0x244cc150 at C:\re\jdk7u75\1940\hotspot\src\share\vm\prims\jvm.cpp:1281
Event: 25.824 Thread 0x04e06c00 Threw 0x244e1d48 at C:\re\jdk7u75\1940\hotspot\src\share\vm\runtime\objectMonitor.cpp:1652
Event: 25.824 Thread 0x04dfe400 Threw 0x24471a10 at C:\re\jdk7u75\1940\hotspot\src\share\vm\runtime\objectMonitor.cpp:1652
Event: 25.824 Thread 0x04e07400 Threw 0x244e5630 at C:\re\jdk7u75\1940\hotspot\src\share\vm\runtime\objectMonitor.cpp:1652

Events (10 events):
Event: 25.821 loading class 0x04e19390
Event: 25.821 loading class 0x04e19390 done
Event: 25.822 Thread 0x04e5ec00 Thread exited: 0x04e5ec00
Event: 25.823 Thread 0x04e5ec00 Thread added: 0x04e5ec00
Event: 25.823 loading class 0x04e16660
Event: 25.823 loading class 0x04e16660 done
Event: 25.824 Thread 0x04e06c00 Thread exited: 0x04e06c00
Event: 25.824 Thread 0x04dfe000 Thread exited: 0x04dfe000
Event: 25.824 Thread 0x04dfe400 Thread exited: 0x04dfe400
Event: 25.824 Thread 0x04e07400 Thread exited: 0x04e07400


Dynamic libraries:
0x011c0000 - 0x011ef000 	C:\Program Files (x86)\Java\jdk1.7.0_75\bin\java.exe
0x77540000 - 0x776c0000 	C:\Windows\SysWOW64\ntdll.dll
0x77010000 - 0x77120000 	C:\Windows\syswow64\kernel32.dll
0x75ec0000 - 0x75f07000 	C:\Windows\syswow64\KERNELBASE.dll
0x749a0000 - 0x74a0e000 	C:\Windows\SysWOW64\SYSFER.DLL
0x75fa0000 - 0x76041000 	C:\Windows\syswow64\ADVAPI32.dll
0x754d0000 - 0x7557c000 	C:\Windows\syswow64\msvcrt.dll
0x77120000 - 0x77139000 	C:\Windows\SysWOW64\sechost.dll
0x75be0000 - 0x75cd0000 	C:\Windows\syswow64\RPCRT4.dll
0x74f40000 - 0x74fa0000 	C:\Windows\syswow64\SspiCli.dll
0x74f30000 - 0x74f3c000 	C:\Windows\syswow64\CRYPTBASE.dll
0x753d0000 - 0x754d0000 	C:\Windows\syswow64\USER32.dll
0x76e60000 - 0x76ef0000 	C:\Windows\syswow64\GDI32.dll
0x75ea0000 - 0x75eaa000 	C:\Windows\syswow64\LPK.dll
0x74fb0000 - 0x7504d000 	C:\Windows\syswow64\USP10.dll
0x70bb0000 - 0x70d4e000 	C:\Windows\WinSxS\x86_microsoft.windows.common-controls_6595b64144ccf1df_6.0.7601.18837_none_41e855142bd5705d\COMCTL32.dll
0x75250000 - 0x752a7000 	C:\Windows\syswow64\SHLWAPI.dll
0x75340000 - 0x753a0000 	C:\Windows\system32\IMM32.DLL
0x75180000 - 0x7524c000 	C:\Windows\syswow64\MSCTF.dll
0x59280000 - 0x5933f000 	C:\Program Files (x86)\Java\jdk1.7.0_75\jre\bin\msvcr100.dll
0x58990000 - 0x58d19000 	C:\Program Files (x86)\Java\jdk1.7.0_75\jre\bin\client\jvm.dll
0x744f0000 - 0x744f7000 	C:\Windows\system32\WSOCK32.dll
0x75a40000 - 0x75a75000 	C:\Windows\syswow64\WS2_32.dll
0x75e90000 - 0x75e96000 	C:\Windows\syswow64\NSI.dll
0x73cf0000 - 0x73d22000 	C:\Windows\system32\WINMM.dll
0x77510000 - 0x77515000 	C:\Windows\syswow64\PSAPI.DLL
0x6d260000 - 0x6d26c000 	C:\Program Files (x86)\Java\jdk1.7.0_75\jre\bin\verify.dll
0x61760000 - 0x61780000 	C:\Program Files (x86)\Java\jdk1.7.0_75\jre\bin\java.dll
0x5ff40000 - 0x5ff53000 	C:\Program Files (x86)\Java\jdk1.7.0_75\jre\bin\zip.dll
0x5f910000 - 0x5f924000 	C:\Program Files (x86)\Java\jdk1.7.0_75\jre\bin\net.dll
0x74140000 - 0x7417c000 	C:\Windows\system32\mswsock.dll
0x722a0000 - 0x722a6000 	C:\Windows\System32\wship6.dll
0x6b1a0000 - 0x6b1af000 	C:\Program Files (x86)\Java\jdk1.7.0_75\jre\bin\nio.dll
0x72500000 - 0x72510000 	C:\Windows\system32\NLAapi.dll
0x70b30000 - 0x70b40000 	C:\Windows\system32\napinsp.dll
0x70b10000 - 0x70b22000 	C:\Windows\system32\pnrpnsp.dll
0x72040000 - 0x72084000 	C:\Windows\system32\DNSAPI.dll
0x70b00000 - 0x70b08000 	C:\Windows\System32\winrnr.dll
0x70af0000 - 0x70afd000 	C:\Windows\system32\wshbth.dll
0x74130000 - 0x74135000 	C:\Windows\System32\wshtcpip.dll
0x741c0000 - 0x741dc000 	C:\Windows\system32\IPHLPAPI.DLL
0x741b0000 - 0x741b7000 	C:\Windows\system32\WINNSI.DLL
0x72290000 - 0x72296000 	C:\Windows\system32\rasadhlp.dll
0x71990000 - 0x719c8000 	C:\Windows\System32\fwpuclnt.dll
0x73ef0000 - 0x73f07000 	C:\Windows\system32\CRYPTSP.dll
0x73eb0000 - 0x73eeb000 	C:\Windows\system32\rsaenh.dll
0x76050000 - 0x76067000 	C:\Windows\syswow64\USERENV.dll
0x74fa0000 - 0x74fab000 	C:\Windows\syswow64\profapi.dll
0x74190000 - 0x741a2000 	C:\Windows\system32\dhcpcsvc.DLL
0x74180000 - 0x7418d000 	C:\Windows\system32\dhcpcsvc6.DLL
0x6a560000 - 0x6a56a000 	C:\Program Files (x86)\Java\jdk1.7.0_75\jre\bin\management.dll
0x60640000 - 0x6072b000 	C:\Windows\system32\dbghelp.dll

VM Arguments:
jvm_args: -Dfile.encoding=UTF-8 
java_command: pem_lte.PEM_LTE
Launcher Type: SUN_STANDARD

Environment Variables:
PATH=C:\Windows\system32;C:\Windows;C:\Windows\System32\Wbem;C:\Windows\System32\WindowsPowerShell\v1.0\;C:\Program Files (x86)\Java\jdk1.7.0_75\bin;C:\Program Files (x86)\Java\jre7\bin;C:\Program Files (x86)\WinSCP\;C:\Program Files (x86)\Skype\Phone\;C:\Program Files (x86)\WinMerge
USERNAME=turczyt
OS=Windows_NT
PROCESSOR_IDENTIFIER=Intel64 Family 6 Model 69 Stepping 1, GenuineIntel



---------------  S Y S T E M  ---------------

OS: Windows 7 , 64 bit Build 7601 Service Pack 1

CPU:total 4 (2 cores per cpu, 2 threads per core) family 6 model 69 stepping 1, cmov, cx8, fxsr, mmx, sse, sse2, sse3, ssse3, sse4.1, sse4.2, popcnt, avx, avx2, aes, erms, ht, tsc, tscinvbit

Memory: 4k page, physical 4088944k(899736k free), swap 10219824k(4511016k free)

vm_info: Java HotSpot(TM) Client VM (24.75-b04) for windows-x86 JRE (1.7.0_75-b13), built on Dec 18 2014 17:06:46 by "java_re" with unknown MS VC++:1600

time: Tue Feb 16 11:15:26 2016
elapsed time: 26 seconds

